#
# A fatal error has been detected by the Java Runtime Environment:
#
#  EXCEPTION_ACCESS_VIOLATION (0xc0000005) at pc=0x000000006bb90f10, pid=1284, tid=0x0000000000002068
#
# JRE version: Java(TM) SE Runtime Environment (8.0_171-b11) (build 1.8.0_171-b11)
# Java VM: Java HotSpot(TM) 64-Bit Server VM (25.171-b11 mixed mode windows-amd64 compressed oops)
# Problematic frame:
# C  [nvoglv64.DLL+0x1030f10]
#
# Failed to write core dump. Minidumps are not enabled by default on client versions of Windows
#
# If you would like to submit a bug report, please visit:
#   http://bugreport.java.com/bugreport/crash.jsp
# The crash happened outside the Java Virtual Machine in native code.
# See problematic frame for where to report the bug.
#

---------------  T H R E A D  ---------------

Current thread (0x0000000002a42800):  JavaThread "main" [_thread_in_native, id=8296, stack(0x0000000002890000,0x0000000002990000)]

siginfo: ExceptionCode=0xc0000005, reading address 0x0000000000000000

Registers:
RAX=0x0000000000020006, RBX=0x000000001d70f314, RCX=0x000000001d70f330, RDX=0x0000000000000000
RSP=0x000000000298f048, RBP=0x0000000000000040, RSI=0x0000000000000005, RDI=0x000000001d94c080
R8 =0x0000000000000014, R9 =0x0000000000000014, R10=0x0000000000000000, R11=0x000000001d70f330
R12=0x0000000000000004, R13=0x0000000000001405, R14=0x0000000000000000, R15=0x0000000002a42800
RIP=0x000000006bb90f10, EFLAGS=0x0000000000010283

Top of Stack: (sp=0x000000000298f048)
0x000000000298f048:   000000006b3a097c 00000000260f3028
0x000000000298f058:   00000000260f3028 00000000000000b8
0x000000000298f068:   0000000002a42800 00000007c00b9a78
0x000000000298f078:   00000007c00b9a78 00000000198912d8
0x000000000298f088:   0000000002a42800 00000000198912d8
0x000000000298f098:   0000000002a42800 fffffffe00000000
0x000000000298f0a8:   0000000000000000 000000000298f1b0
0x000000000298f0b8:   00000000198911f8 0000000000000000
0x000000000298f0c8:   0000000002c0835d 0000000028df72f8
0x000000000298f0d8:   0000000002c18c67 000000000298f170
0x000000000298f0e8:   0000000000000014 0000000002a42800
0x000000000298f0f8:   00000000198911f8 0000000000001405
0x000000000298f108:   0000000000000000 0000000002c24ea3
0x000000000298f118:   0000000002c056d0 0000000000000000
0x000000000298f128:   000000000298f270 000000000298f130
0x000000000298f138:   0000000000000000 000000000298f1b0 

Instructions: (pc=0x000000006bb90f10)
0x000000006bb90ef0:   83 ab 01 00 00 49 8b c3 4c 8b df 48 8b f9 49 8b
0x000000006bb90f00:   c8 4c 8b c6 49 8b f2 f3 a4 49 8b f0 49 8b fb c3
0x000000006bb90f10:   0f 10 02 41 0f 10 4c 10 f0 0f 11 01 41 0f 11 4c
0x000000006bb90f20:   08 f0 48 8b c1 c3 66 66 0f 1f 84 00 00 00 00 00 


Register to memory mapping:

RAX=0x0000000000020006 is an unknown value
RBX=0x000000001d70f314 is an unknown value
RCX=0x000000001d70f330 is an unknown value
RDX=0x0000000000000000 is an unknown value
RSP=0x000000000298f048 is pointing into the stack for thread: 0x0000000002a42800
RBP=0x0000000000000040 is an unknown value
RSI=0x0000000000000005 is an unknown value
RDI=0x000000001d94c080 is an unknown value
R8 =0x0000000000000014 is an unknown value
R9 =0x0000000000000014 is an unknown value
R10=0x0000000000000000 is an unknown value
R11=0x000000001d70f330 is an unknown value
R12=0x0000000000000004 is an unknown value
R13=0x0000000000001405 is an unknown value
R14=0x0000000000000000 is an unknown value
R15=0x0000000002a42800 is a thread


Stack: [0x0000000002890000,0x0000000002990000],  sp=0x000000000298f048,  free space=1020k
Native frames: (J=compiled Java code, j=interpreted, Vv=VM code, C=native code)
C  [nvoglv64.DLL+0x1030f10]
C  [nvoglv64.DLL+0x84097c]
C  0x0000000002c18c67

Java frames: (J=compiled Java code, j=interpreted, Vv=VM code)
j  org.lwjgl.opengl.GL11.nglDrawElements(IIIJ)V+0
j  org.lwjgl.opengl.GL11.glDrawElements(IIIJ)V+4
j  core.asset.GUITexture.draw()V+34
j  core.manager.GUIManager.render()V+46
j  core.kernel.RenderEngine.render()V+22
j  core.kernel.Game.render()V+4
j  core.kernel.Game.start()V+12
j  core.Main.main([Ljava/lang/String;)V+13
v  ~StubRoutines::call_stub

---------------  P R O C E S S  ---------------

Java Threads: ( => current thread )
  0x000000001b63b800 JavaThread "Service Thread" daemon [_thread_blocked, id=10976, stack(0x000000001ba10000,0x000000001bb10000)]
  0x0000000019c8d800 JavaThread "C1 CompilerThread2" daemon [_thread_blocked, id=11644, stack(0x000000001b510000,0x000000001b610000)]
  0x0000000019c85000 JavaThread "C2 CompilerThread1" daemon [_thread_blocked, id=3240, stack(0x000000001b410000,0x000000001b510000)]
  0x0000000019c80000 JavaThread "C2 CompilerThread0" daemon [_thread_blocked, id=11328, stack(0x000000001b310000,0x000000001b410000)]
  0x0000000019c7e000 JavaThread "Attach Listener" daemon [_thread_blocked, id=11020, stack(0x000000001b210000,0x000000001b310000)]
  0x0000000019c7c800 JavaThread "Signal Dispatcher" daemon [_thread_blocked, id=6408, stack(0x000000001b110000,0x000000001b210000)]
  0x0000000019c6a800 JavaThread "Finalizer" daemon [_thread_blocked, id=9808, stack(0x000000001aef0000,0x000000001aff0000)]
  0x0000000019c49000 JavaThread "Reference Handler" daemon [_thread_blocked, id=7552, stack(0x000000001adf0000,0x000000001aef0000)]
=>0x0000000002a42800 JavaThread "main" [_thread_in_native, id=8296, stack(0x0000000002890000,0x0000000002990000)]

Other Threads:
  0x0000000019c47800 VMThread [stack: 0x000000001acf0000,0x000000001adf0000] [id=6560]
  0x000000001b64c000 WatcherThread [stack: 0x000000001bb10000,0x000000001bc10000] [id=3896]

VM state:not at safepoint (normal execution)

VM Mutex/Monitor currently owned by a thread: None

Heap:
 PSYoungGen      total 57344K, used 11743K [0x0000000780980000, 0x0000000784980000, 0x00000007c0000000)
  eden space 49152K, 13% used [0x0000000780980000,0x0000000781001e08,0x0000000783980000)
  from space 8192K, 62% used [0x0000000783980000,0x0000000783e75ed8,0x0000000784180000)
  to   space 8192K, 0% used [0x0000000784180000,0x0000000784180000,0x0000000784980000)
 ParOldGen       total 131072K, used 8K [0x0000000701c00000, 0x0000000709c00000, 0x0000000780980000)
  object space 131072K, 0% used [0x0000000701c00000,0x0000000701c02000,0x0000000709c00000)
 Metaspace       used 11061K, capacity 11321K, committed 11520K, reserved 1060864K
  class space    used 889K, capacity 977K, committed 1024K, reserved 1048576K

Card table byte_map: [0x0000000011fc0000,0x00000000125c0000] byte_map_base: 0x000000000e7b2000

Marking Bits: (ParMarkBitMap*) 0x000000006e0708c0
 Begin Bits: [0x0000000012dc0000, 0x0000000015d50000)
 End Bits:   [0x0000000015d50000, 0x0000000018ce0000)

Polling page: 0x0000000002990000

CodeCache: size=245760Kb used=3833Kb max_used=3833Kb free=241926Kb
 bounds [0x0000000002c00000, 0x0000000002fd0000, 0x0000000011c00000]
 total_blobs=1884 nmethods=967 adapters=830
 compilation: enabled

Compilation events (10 events):
Event: 2.550 Thread 0x0000000019c8d800  955       3       org.joml.Matrix4f::get (11 bytes)
Event: 2.550 Thread 0x0000000019c8d800 nmethod 955 0x0000000002fbdcd0 code [0x0000000002fbde40, 0x0000000002fbe0e8]
Event: 2.550 Thread 0x0000000019c8d800  956       3       org.joml.internal.MemUtil$MemUtilUnsafe::put (32 bytes)
Event: 2.551 Thread 0x0000000019c8d800 nmethod 956 0x0000000002fbe210 code [0x0000000002fbe380, 0x0000000002fbe588]
Event: 2.551 Thread 0x0000000019c8d800  957       3       org.joml.internal.MemUtil$MemUtilUnsafe::addressOf (11 bytes)
Event: 2.551 Thread 0x0000000019c8d800 nmethod 957 0x0000000002fbe690 code [0x0000000002fbe7e0, 0x0000000002fbe950]
Event: 2.551 Thread 0x0000000019c8d800  962       3       org.lwjgl.opengl.GL20::glUniformMatrix4fv (16 bytes)
Event: 2.551 Thread 0x0000000019c8d800 nmethod 962 0x0000000002fbe9d0 code [0x0000000002fbeb60, 0x0000000002fbf068]
Event: 2.559 Thread 0x0000000019c8d800  964       3       core.shader.ShaderProgram::loadFloat (19 bytes)
Event: 2.559 Thread 0x0000000019c8d800 nmethod 964 0x0000000002fbf690 code [0x0000000002fbf820, 0x0000000002fbfbf8]

GC Heap History (2 events):
Event: 2.254 GC heap before
{Heap before GC invocations=1 (full 0):
 PSYoungGen      total 57344K, used 49152K [0x0000000780980000, 0x0000000784980000, 0x00000007c0000000)
  eden space 49152K, 100% used [0x0000000780980000,0x0000000783980000,0x0000000783980000)
  from space 8192K, 0% used [0x0000000784180000,0x0000000784180000,0x0000000784980000)
  to   space 8192K, 0% used [0x0000000783980000,0x0000000783980000,0x0000000784180000)
 ParOldGen       total 131072K, used 0K [0x0000000701c00000, 0x0000000709c00000, 0x0000000780980000)
  object space 131072K, 0% used [0x0000000701c00000,0x0000000701c00000,0x0000000709c00000)
 Metaspace       used 10185K, capacity 10457K, committed 10752K, reserved 1058816K
  class space    used 849K, capacity 945K, committed 1024K, reserved 1048576K
Event: 2.258 GC heap after
Heap after GC invocations=1 (full 0):
 PSYoungGen      total 57344K, used 5079K [0x0000000780980000, 0x0000000784980000, 0x00000007c0000000)
  eden space 49152K, 0% used [0x0000000780980000,0x0000000780980000,0x0000000783980000)
  from space 8192K, 62% used [0x0000000783980000,0x0000000783e75ed8,0x0000000784180000)
  to   space 8192K, 0% used [0x0000000784180000,0x0000000784180000,0x0000000784980000)
 ParOldGen       total 131072K, used 8K [0x0000000701c00000, 0x0000000709c00000, 0x0000000780980000)
  object space 131072K, 0% used [0x0000000701c00000,0x0000000701c02000,0x0000000709c00000)
 Metaspace       used 10185K, capacity 10457K, committed 10752K, reserved 1058816K
  class space    used 849K, capacity 945K, committed 1024K, reserved 1048576K
}

Deoptimization events (4 events):
Event: 1.467 Thread 0x0000000002a42800 Uncommon trap: reason=speculate_class_check action=maybe_recompile pc=0x0000000002f2a87c method=org.lwjgl.system.StructBuffer.get(I)Lorg/lwjgl/system/Struct; @ 11
Event: 1.467 Thread 0x0000000002a42800 Uncommon trap: reason=speculate_class_check action=maybe_recompile pc=0x0000000002f2a87c method=org.lwjgl.system.StructBuffer.get(I)Lorg/lwjgl/system/Struct; @ 11
Event: 1.467 Thread 0x0000000002a42800 Uncommon trap: reason=speculate_class_check action=maybe_recompile pc=0x0000000002f2a87c method=org.lwjgl.system.StructBuffer.get(I)Lorg/lwjgl/system/Struct; @ 11
Event: 1.467 Thread 0x0000000002a42800 Uncommon trap: reason=speculate_class_check action=maybe_recompile pc=0x0000000002f2a87c method=org.lwjgl.system.StructBuffer.get(I)Lorg/lwjgl/system/Struct; @ 11

Classes redefined (0 events):
No events

Internal exceptions (10 events):
Event: 0.030 Thread 0x0000000002a42800 Exception <a 'java/lang/NoSuchMethodError': Method sun.misc.Unsafe.prefetchRead(Ljava/lang/Object;J)V name or signature does not match> (0x0000000780987f98) thrown at [C:\re\workspace\8-2-build-windows-amd64-cygwin\jdk8u171\10807\hotspot\src\share\vm\prim
Event: 0.139 Thread 0x0000000002a42800 Exception <a 'java/lang/NoSuchMethodError': java.lang.Object.lambda$static$0(Ljava/lang/String;)Ljava/lang/Boolean;> (0x0000000780c3f1a8) thrown at [C:\re\workspace\8-2-build-windows-amd64-cygwin\jdk8u171\10807\hotspot\src\share\vm\interpreter\linkResolve
Event: 0.150 Thread 0x0000000002a42800 Exception <a 'java/lang/NoSuchFieldError': method resolution failed> (0x0000000780cb7250) thrown at [C:\re\workspace\8-2-build-windows-amd64-cygwin\jdk8u171\10807\hotspot\src\share\vm\prims\methodHandles.cpp, line 1167]
Event: 0.152 Thread 0x0000000002a42800 Exception <a 'java/lang/NoSuchFieldError': method resolution failed> (0x0000000780cc4650) thrown at [C:\re\workspace\8-2-build-windows-amd64-cygwin\jdk8u171\10807\hotspot\src\share\vm\prims\methodHandles.cpp, line 1167]
Event: 0.204 Thread 0x0000000002a42800 Exception <a 'java/security/PrivilegedActionException'> (0x0000000780e5e9d0) thrown at [C:\re\workspace\8-2-build-windows-amd64-cygwin\jdk8u171\10807\hotspot\src\share\vm\prims\jvm.cpp, line 1435]
Event: 0.204 Thread 0x0000000002a42800 Exception <a 'java/security/PrivilegedActionException'> (0x0000000780e5ebe0) thrown at [C:\re\workspace\8-2-build-windows-amd64-cygwin\jdk8u171\10807\hotspot\src\share\vm\prims\jvm.cpp, line 1435]
Event: 0.205 Thread 0x0000000002a42800 Exception <a 'java/security/PrivilegedActionException'> (0x0000000780e62a38) thrown at [C:\re\workspace\8-2-build-windows-amd64-cygwin\jdk8u171\10807\hotspot\src\share\vm\prims\jvm.cpp, line 1435]
Event: 0.205 Thread 0x0000000002a42800 Exception <a 'java/security/PrivilegedActionException'> (0x0000000780e62c48) thrown at [C:\re\workspace\8-2-build-windows-amd64-cygwin\jdk8u171\10807\hotspot\src\share\vm\prims\jvm.cpp, line 1435]
Event: 0.959 Thread 0x0000000002a42800 Exception <a 'sun/nio/fs/WindowsException'> (0x00000007810779d0) thrown at [C:\re\workspace\8-2-build-windows-amd64-cygwin\jdk8u171\10807\hotspot\src\share\vm\prims\jni.cpp, line 709]
Event: 0.960 Thread 0x0000000002a42800 Exception <a 'sun/nio/fs/WindowsException'> (0x0000000781078190) thrown at [C:\re\workspace\8-2-build-windows-amd64-cygwin\jdk8u171\10807\hotspot\src\share\vm\prims\jni.cpp, line 709]

Events (10 events):
Event: 2.501 loading class org/joml/Vector2dc
Event: 2.501 loading class org/joml/Vector2dc done
Event: 2.502 loading class org/joml/Vector2i
Event: 2.502 loading class org/joml/Vector2i done
Event: 2.502 loading class org/joml/Vector2ic
Event: 2.502 loading class org/joml/Vector2ic done
Event: 2.503 loading class org/joml/Quaternionf
Event: 2.503 loading class org/joml/Quaternionf done
Event: 2.503 loading class org/joml/Quaternionfc
Event: 2.503 loading class org/joml/Quaternionfc done


Dynamic libraries:
0x00007ff68df30000 - 0x00007ff68df67000 	C:\Program Files\Java\jre1.8.0_171\bin\javaw.exe
0x00007ffab8eb0000 - 0x00007ffab9091000 	C:\WINDOWS\SYSTEM32\ntdll.dll
0x00007ffab68e0000 - 0x00007ffab6992000 	C:\WINDOWS\System32\KERNEL32.DLL
0x00007ffab52f0000 - 0x00007ffab5563000 	C:\WINDOWS\System32\KERNELBASE.dll
0x00007ffab6350000 - 0x00007ffab63f1000 	C:\WINDOWS\System32\ADVAPI32.dll
0x00007ffab6400000 - 0x00007ffab649e000 	C:\WINDOWS\System32\msvcrt.dll
0x00007ffab6bf0000 - 0x00007ffab6c4b000 	C:\WINDOWS\System32\sechost.dll
0x00007ffab64a0000 - 0x00007ffab65c4000 	C:\WINDOWS\System32\RPCRT4.dll
0x00007ffab6750000 - 0x00007ffab68e0000 	C:\WINDOWS\System32\USER32.dll
0x00007ffab5280000 - 0x00007ffab52a0000 	C:\WINDOWS\System32\win32u.dll
0x00007ffab71b0000 - 0x00007ffab71d8000 	C:\WINDOWS\System32\GDI32.dll
0x00007ffab5800000 - 0x00007ffab5992000 	C:\WINDOWS\System32\gdi32full.dll
0x00007ffab62a0000 - 0x00007ffab633f000 	C:\WINDOWS\System32\msvcp_win.dll
0x00007ffab56a0000 - 0x00007ffab579a000 	C:\WINDOWS\System32\ucrtbase.dll
0x00007ffaa6e10000 - 0x00007ffaa7079000 	C:\WINDOWS\WinSxS\amd64_microsoft.windows.common-controls_6595b64144ccf1df_6.0.17134.48_none_b4b2216a3cb4dd3e\COMCTL32.dll
0x00007ffab8840000 - 0x00007ffab8b63000 	C:\WINDOWS\System32\combase.dll
0x00007ffab5570000 - 0x00007ffab55ea000 	C:\WINDOWS\System32\bcryptPrimitives.dll
0x00007ffab6c60000 - 0x00007ffab6c8d000 	C:\WINDOWS\System32\IMM32.DLL
0x000000006e360000 - 0x000000006e432000 	C:\Program Files\Java\jre1.8.0_171\bin\msvcr100.dll
0x000000006d850000 - 0x000000006e0f0000 	C:\Program Files\Java\jre1.8.0_171\bin\server\jvm.dll
0x00007ffab6340000 - 0x00007ffab6348000 	C:\WINDOWS\System32\PSAPI.DLL
0x00007ffaa8e70000 - 0x00007ffaa8e7a000 	C:\WINDOWS\SYSTEM32\VERSION.dll
0x00007ffa9f6c0000 - 0x00007ffa9f6c9000 	C:\WINDOWS\SYSTEM32\WSOCK32.dll
0x00007ffab2640000 - 0x00007ffab2663000 	C:\WINDOWS\SYSTEM32\WINMM.dll
0x00007ffab7140000 - 0x00007ffab71ac000 	C:\WINDOWS\System32\WS2_32.dll
0x00007ffab2610000 - 0x00007ffab263a000 	C:\WINDOWS\SYSTEM32\winmmbase.dll
0x00007ffab52a0000 - 0x00007ffab52e9000 	C:\WINDOWS\System32\cfgmgr32.dll
0x000000006d760000 - 0x000000006d76f000 	C:\Program Files\Java\jre1.8.0_171\bin\verify.dll
0x000000006d730000 - 0x000000006d759000 	C:\Program Files\Java\jre1.8.0_171\bin\java.dll
0x000000006d710000 - 0x000000006d726000 	C:\Program Files\Java\jre1.8.0_171\bin\zip.dll
0x00007ffab7350000 - 0x00007ffab8790000 	C:\WINDOWS\System32\SHELL32.dll
0x00007ffab8d10000 - 0x00007ffab8db9000 	C:\WINDOWS\System32\shcore.dll
0x00007ffab59a0000 - 0x00007ffab60ad000 	C:\WINDOWS\System32\windows.storage.dll
0x00007ffab6c90000 - 0x00007ffab6ce1000 	C:\WINDOWS\System32\shlwapi.dll
0x00007ffab51e0000 - 0x00007ffab51f1000 	C:\WINDOWS\System32\kernel.appcore.dll
0x00007ffab51c0000 - 0x00007ffab51df000 	C:\WINDOWS\System32\profapi.dll
0x00007ffab5200000 - 0x00007ffab524c000 	C:\WINDOWS\System32\powrprof.dll
0x00007ffab5270000 - 0x00007ffab527a000 	C:\WINDOWS\System32\FLTLIB.DLL
0x000000006d6f0000 - 0x000000006d70a000 	C:\Program Files\Java\jre1.8.0_171\bin\net.dll
0x00007ffab4a40000 - 0x00007ffab4aa6000 	C:\WINDOWS\system32\mswsock.dll
0x000000006d6d0000 - 0x000000006d6e1000 	C:\Program Files\Java\jre1.8.0_171\bin\nio.dll
0x00007ffa92d80000 - 0x00007ffa92ddb000 	C:\Users\lav\AppData\Local\Temp\lwjgllav\3.1.6-build-14\lwjgl.dll
0x00007ffa90a70000 - 0x00007ffa90ac1000 	C:\Users\lav\AppData\Local\Temp\lwjgllav\3.1.6-build-14\glfw.dll
0x00007ffab2980000 - 0x00007ffab2a18000 	C:\WINDOWS\system32\uxtheme.dll
0x00007ffa87990000 - 0x00007ffa879d3000 	C:\WINDOWS\SYSTEM32\dinput8.dll
0x00007ffab2780000 - 0x00007ffab2790000 	C:\WINDOWS\SYSTEM32\xinput1_4.dll
0x00007ffab4fd0000 - 0x00007ffab4ff7000 	C:\WINDOWS\SYSTEM32\DEVOBJ.dll
0x00007ffab3180000 - 0x00007ffab31a9000 	C:\WINDOWS\SYSTEM32\dwmapi.dll
0x00007ffa9ae70000 - 0x00007ffa9aee9000 	C:\WINDOWS\SYSTEM32\inputhost.dll
0x00007ffab08a0000 - 0x00007ffab09ed000 	C:\WINDOWS\SYSTEM32\wintypes.dll
0x00007ffab21f0000 - 0x00007ffab22ca000 	C:\WINDOWS\SYSTEM32\CoreMessaging.dll
0x00007ffaacb90000 - 0x00007ffaaceae000 	C:\WINDOWS\SYSTEM32\CoreUIComponents.dll
0x00007ffab42b0000 - 0x00007ffab42e1000 	C:\WINDOWS\SYSTEM32\ntmarta.dll
0x00007ffab65d0000 - 0x00007ffab6745000 	C:\WINDOWS\System32\MSCTF.dll
0x00007ffab71e0000 - 0x00007ffab72a2000 	C:\WINDOWS\System32\OLEAUT32.dll
0x00007ffab3ed0000 - 0x00007ffab3edc000 	C:\WINDOWS\SYSTEM32\HID.DLL
0x00007ffab6cf0000 - 0x00007ffab713b000 	C:\WINDOWS\System32\SETUPAPI.DLL
0x00007ffab57a0000 - 0x00007ffab57f7000 	C:\WINDOWS\System32\WINTRUST.dll
0x00007ffab5250000 - 0x00007ffab5262000 	C:\WINDOWS\System32\MSASN1.dll
0x00007ffab60b0000 - 0x00007ffab6292000 	C:\WINDOWS\System32\CRYPT32.dll
0x00007ffa93180000 - 0x00007ffa932a0000 	C:\WINDOWS\SYSTEM32\opengl32.dll
0x00007ffaa70b0000 - 0x00007ffaa70dc000 	C:\WINDOWS\SYSTEM32\GLU32.dll
0x000000006ab60000 - 0x000000006ce27000 	C:\WINDOWS\SYSTEM32\nvoglv64.DLL
0x00007ffab69a0000 - 0x00007ffab6af1000 	C:\WINDOWS\System32\ole32.dll
0x00007ffab3d90000 - 0x00007ffab3da3000 	C:\WINDOWS\SYSTEM32\WTSAPI32.dll
0x00007ffa81520000 - 0x00007ffa81786000 	C:\WINDOWS\system32\nvspcap64.dll
0x00007ffab4350000 - 0x00007ffab43a6000 	C:\WINDOWS\SYSTEM32\WINSTA.dll
0x00007ffab3f80000 - 0x00007ffab403b000 	C:\WINDOWS\system32\dxgi.dll
0x00007ffab1770000 - 0x00007ffab1a7b000 	C:\WINDOWS\system32\d3d11.dll
0x00007ffa875e0000 - 0x00007ffa876ca000 	C:\WINDOWS\System32\DriverStore\FileRepository\nvam.inf_amd64_08e61ffcdc4d3abf\nvldumdx.dll
0x00007ffab8820000 - 0x00007ffab883d000 	C:\WINDOWS\System32\imagehlp.dll
0x00007ffab4c00000 - 0x00007ffab4c17000 	C:\WINDOWS\SYSTEM32\CRYPTSP.dll
0x00007ffab4620000 - 0x00007ffab4653000 	C:\WINDOWS\system32\rsaenh.dll
0x00007ffab4d20000 - 0x00007ffab4d45000 	C:\WINDOWS\SYSTEM32\bcrypt.dll
0x00007ffab4bf0000 - 0x00007ffab4bfb000 	C:\WINDOWS\SYSTEM32\CRYPTBASE.dll
0x00007ffa66ea0000 - 0x00007ffa6898c000 	C:\WINDOWS\System32\DriverStore\FileRepository\nvam.inf_amd64_08e61ffcdc4d3abf\nvwgf2umx.dll
0x00007ffaa7c00000 - 0x00007ffaa8080000 	C:\WINDOWS\system32\nvapi64.dll
0x00007ffaab050000 - 0x00007ffaac5cc000 	C:\WINDOWS\System32\DriverStore\FileRepository\igdlh64.inf_amd64_463164d40c3d26ce\igd10iumd64.dll
0x00007ffab4cf0000 - 0x00007ffab4d16000 	C:\WINDOWS\SYSTEM32\ncrypt.dll
0x00007ffab4cb0000 - 0x00007ffab4ce6000 	C:\WINDOWS\SYSTEM32\NTASN1.dll
0x00007ffaa9120000 - 0x00007ffaaa27d000 	C:\WINDOWS\System32\DriverStore\FileRepository\igdlh64.inf_amd64_463164d40c3d26ce\igc64.dll
0x00007ffab2050000 - 0x00007ffab21ec000 	C:\WINDOWS\SYSTEM32\dcomp.dll
0x00007ffa9eb50000 - 0x00007ffa9ebe8000 	C:\WINDOWS\System32\TextInputFramework.dll
0x00007ffa87930000 - 0x00007ffa8798f000 	C:\Users\lav\AppData\Local\Temp\lwjgllav\3.1.6-build-14\lwjgl_opengl.dll
0x00007ffa87560000 - 0x00007ffa875de000 	C:\Users\lav\AppData\Local\Temp\lwjgllav\3.1.6-build-14\lwjgl_stb.dll
0x00007ffa7ae70000 - 0x00007ffa7b3c5000 	C:\Users\lav\AppData\Local\Temp\lwjgllav\3.1.6-build-14\assimp.dll
0x00007ffab3bc0000 - 0x00007ffab3d89000 	C:\WINDOWS\SYSTEM32\dbghelp.dll

VM Arguments:
jvm_args: -Dfile.encoding=Cp1252 
java_command: core.Main
java_class_path (initial): C:\Program Files\Java\jre1.8.0_171\lib\resources.jar;C:\Program Files\Java\jre1.8.0_171\lib\rt.jar;C:\Program Files\Java\jre1.8.0_171\lib\jsse.jar;C:\Program Files\Java\jre1.8.0_171\lib\jce.jar;C:\Program Files\Java\jre1.8.0_171\lib\charsets.jar;C:\Program Files\Java\jre1.8.0_171\lib\jfr.jar;C:\Program Files\Java\jre1.8.0_171\lib\ext\access-bridge-64.jar;C:\Program Files\Java\jre1.8.0_171\lib\ext\cldrdata.jar;C:\Program Files\Java\jre1.8.0_171\lib\ext\dnsns.jar;C:\Program Files\Java\jre1.8.0_171\lib\ext\jaccess.jar;C:\Program Files\Java\jre1.8.0_171\lib\ext\jfxrt.jar;C:\Program Files\Java\jre1.8.0_171\lib\ext\localedata.jar;C:\Program Files\Java\jre1.8.0_171\lib\ext\nashorn.jar;C:\Program Files\Java\jre1.8.0_171\lib\ext\sunec.jar;C:\Program Files\Java\jre1.8.0_171\lib\ext\sunjce_provider.jar;C:\Program Files\Java\jre1.8.0_171\lib\ext\sunmscapi.jar;C:\Program Files\Java\jre1.8.0_171\lib\ext\sunpkcs11.jar;C:\Program Files\Java\jre1.8.0_171\lib\ext\zipfs.jar;C:\projets\java_lwjgl_me\Game_engine\bin;C:\projets\java_lwjgl_me\Game_engine\lib\joml-1.9.9.jar;C:\projets\java_lwjgl_me\Game_engine\lib\lwjgl-assimp-javadoc.jar;C:\projets\java_lwjgl_me\Game_engine\lib\lwjgl-assimp-natives-windows.jar;C:\projets\java_lwjgl_me\Game_engine\lib\lwjgl-assimp-sources.jar;C:\projets\java_lwjgl_me\Game_engine\lib\lwjgl-assimp.jar;C:\projets\java_lwjgl_me\Game_engine\lib\lwjgl-glfw-javadoc.jar;C:\projets\java_lwjgl_me\Game_engine\lib\lwjgl-glfw-natives-windows.jar;C:\projets\java_lwjgl_me\Game_engine\lib\lwjgl-glfw-sources.jar;C:\projets\java_lwjgl_me\Game_engine\lib\lwjgl-glfw.jar;C:\projets\java_lwjgl_me\Game_engine\lib\lwjgl-natives-windows.jar;C:\projets\java_lwjgl_me\Game_engine\lib\lwjgl-openal-javadoc.jar;C:\projets\java_lwjgl_me\Game_engine\lib\lwjgl-openal-natives-windows.jar;C:\projets\java_lwjgl_me\Game_engine\lib\lwjgl-openal-sources.jar;C:\projets\java_lwjgl_me\Game_engine\lib\lwjgl-openal.jar;C:\projets\java_lwjgl_me\Game_engine\lib\lwjgl-opengl
Launcher Type: SUN_STANDARD

Environment Variables:
PATH=C:/Program Files/Java/jre1.8.0_171/bin/server;C:/Program Files/Java/jre1.8.0_171/bin;C:/Program Files/Java/jre1.8.0_171/lib/amd64;C:\Program Files (x86)\Common Files\Oracle\Java\javapath;C:\ProgramData\Oracle\Java\javapath;C:\WINDOWS\system32;C:\WINDOWS;C:\WINDOWS\System32\Wbem;C:\WINDOWS\System32\WindowsPowerShell\v1.0\;C:\PHP7;C:\ProgramData\ComposerSetup\bin;C:\Program Files\nodejs\;C:\Program Files\Git\cmd;C:\WINDOWS\System32\OpenSSH\;C:\Users\lav\AppData\Local\Microsoft\WindowsApps;;C:\Program Files\eclipse;
USERNAME=lav
OS=Windows_NT
PROCESSOR_IDENTIFIER=Intel64 Family 6 Model 142 Stepping 9, GenuineIntel



---------------  S Y S T E M  ---------------

OS: Windows 10.0 , 64 bit Build 17134 (10.0.17134.1)

CPU:total 4 (initial active 4) (2 cores per cpu, 2 threads per core) family 6 model 142 stepping 9, cmov, cx8, fxsr, mmx, sse, sse2, sse3, ssse3, sse4.1, sse4.2, popcnt, avx, avx2, aes, clmul, erms, 3dnowpref, lzcnt, ht, tsc, tscinvbit, bmi1, bmi2, adx

Memory: 4k page, physical 12460316k(7243820k free), swap 14360860k(7983744k free)

vm_info: Java HotSpot(TM) 64-Bit Server VM (25.171-b11) for windows-amd64 JRE (1.8.0_171-b11), built on Mar 28 2018 16:06:12 by "java_re" with MS VC++ 10.0 (VS2010)

time: Fri Jun 08 17:01:06 2018
elapsed time: 2 seconds (0d 0h 0m 2s)

