#
# A fatal error has been detected by the Java Runtime Environment:
#
#  EXCEPTION_ACCESS_VIOLATION (0xc0000005) at pc=0x000000006b6e1257, pid=3560, tid=0x0000000000000fcc
#
# JRE version: Java(TM) SE Runtime Environment (8.0_171-b11) (build 1.8.0_171-b11)
# Java VM: Java HotSpot(TM) 64-Bit Server VM (25.171-b11 mixed mode windows-amd64 compressed oops)
# Problematic frame:
# C  [nvoglv64.DLL+0xb81257]
#
# Failed to write core dump. Minidumps are not enabled by default on client versions of Windows
#
# If you would like to submit a bug report, please visit:
#   http://bugreport.java.com/bugreport/crash.jsp
# The crash happened outside the Java Virtual Machine in native code.
# See problematic frame for where to report the bug.
#

---------------  T H R E A D  ---------------

Current thread (0x00000000022c2800):  JavaThread "main" [_thread_in_native, id=4044, stack(0x00000000020c0000,0x00000000021c0000)]

siginfo: ExceptionCode=0xc0000005, reading address 0x0000000000000000

Registers:
RAX=0x0000000000000004, RBX=0x0000000000000000, RCX=0x000000000000000a, RDX=0x0002c733c7abdd48
RSP=0x00000000021befd0, RBP=0x000000001d1eb080, RSI=0x0000000000000005, RDI=0x0000000000000005
R8 =0x000000000001e190, R9 =0x0000000000000000, R10=0x0000000000000001, R11=0x000000006da7c460
R12=0x0000000000000000, R13=0x0000000000000004, R14=0x0000000000000000, R15=0x0000000000001405
RIP=0x000000006b6e1257, EFLAGS=0x0000000000010246

Top of Stack: (sp=0x00000000021befd0)
0x00000000021befd0:   0000000000000004 00000007c00b9a78
0x00000000021befe0:   000000000000001c 00000007c00b9a78
0x00000000021beff0:   00000000000000b8 000000000000001d
0x00000000021bf000:   0000000002287700 000000006d94c9e4
0x00000000021bf010:   0000000000000000 00000000021bf178
0x00000000021bf020:   000000001d1eee88 00000000000000b8
0x00000000021bf030:   0000000000001405 00000000022c2800
0x00000000021bf040:   0000000000000000 0000000000000004
0x00000000021bf050:   000000001d1eb080 00000000021bf190
0x00000000021bf060:   0000000000000000 000000006b3a0a46
0x00000000021bf070:   0000000025983028 0000000000000004
0x00000000021bf080:   0000000000000005 00000000022c2800
0x00000000021bf090:   0000000700000005 0000000700000014
0x00000000021bf0a0:   0000000000000000 0000000000000000
0x00000000021bf0b0:   0000000019050200 00000000022c2800
0x00000000021bf0c0:   fffffffe00000000 0000000000000000 

Instructions: (pc=0x000000006b6e1257)
0x000000006b6e1237:   89 6c 24 60 e8 d0 74 e9 ff 41 81 ff 05 14 00 00
0x000000006b6e1247:   75 20 48 8b 9c 24 d0 00 00 00 8d 47 ff 4c 63 e8
0x000000006b6e1257:   8b 0b 42 8b 04 ab 3b c8 8b f0 0f 47 f1 0f 42 c1
0x000000006b6e1267:   eb 6e 41 81 ff 03 14 00 00 75 2c 48 8b 9c 24 d0 


Register to memory mapping:

RAX=0x0000000000000004 is an unknown value
RBX=0x0000000000000000 is an unknown value
RCX=0x000000000000000a is an unknown value
RDX=0x0002c733c7abdd48 is an unknown value
RSP=0x00000000021befd0 is pointing into the stack for thread: 0x00000000022c2800
RBP=0x000000001d1eb080 is an unknown value
RSI=0x0000000000000005 is an unknown value
RDI=0x0000000000000005 is an unknown value
R8 =0x000000000001e190 is an unknown value
R9 =0x0000000000000000 is an unknown value
R10=0x0000000000000001 is an unknown value
R11=0x000000006da7c460 is an unknown value
R12=0x0000000000000000 is an unknown value
R13=0x0000000000000004 is an unknown value
R14=0x0000000000000000 is an unknown value
R15=0x0000000000001405 is an unknown value


Stack: [0x00000000020c0000,0x00000000021c0000],  sp=0x00000000021befd0,  free space=1019k
Native frames: (J=compiled Java code, j=interpreted, Vv=VM code, C=native code)
C  [nvoglv64.DLL+0xb81257]
C  [nvoglv64.DLL+0x840a46]
C  0x00000000023d8c67

Java frames: (J=compiled Java code, j=interpreted, Vv=VM code)
j  org.lwjgl.opengl.GL11.nglDrawElements(IIIJ)V+0
j  org.lwjgl.opengl.GL11.glDrawElements(IIIJ)V+4
j  core.asset.GUITexture.draw()V+38
j  core.manager.GUIManager.render()V+46
j  core.kernel.RenderEngine.render()V+22
j  core.kernel.Game.render()V+4
j  core.kernel.Game.start()V+12
j  core.Main.main([Ljava/lang/String;)V+13
v  ~StubRoutines::call_stub

---------------  P R O C E S S  ---------------

Java Threads: ( => current thread )
  0x000000001ade1800 JavaThread "Service Thread" daemon [_thread_blocked, id=6348, stack(0x000000001b1b0000,0x000000001b2b0000)]
  0x0000000019455800 JavaThread "C1 CompilerThread2" daemon [_thread_blocked, id=2524, stack(0x000000001acb0000,0x000000001adb0000)]
  0x0000000019444000 JavaThread "C2 CompilerThread1" daemon [_thread_blocked, id=2340, stack(0x000000001abb0000,0x000000001acb0000)]
  0x000000001943f000 JavaThread "C2 CompilerThread0" daemon [_thread_blocked, id=11984, stack(0x000000001aab0000,0x000000001abb0000)]
  0x000000001943d000 JavaThread "Attach Listener" daemon [_thread_blocked, id=764, stack(0x000000001a9b0000,0x000000001aab0000)]
  0x000000001943b800 JavaThread "Signal Dispatcher" daemon [_thread_blocked, id=10488, stack(0x000000001a8b0000,0x000000001a9b0000)]
  0x000000001942a800 JavaThread "Finalizer" daemon [_thread_blocked, id=9200, stack(0x000000001a690000,0x000000001a790000)]
  0x00000000023b1800 JavaThread "Reference Handler" daemon [_thread_blocked, id=524, stack(0x000000001a590000,0x000000001a690000)]
=>0x00000000022c2800 JavaThread "main" [_thread_in_native, id=4044, stack(0x00000000020c0000,0x00000000021c0000)]

Other Threads:
  0x0000000019408800 VMThread [stack: 0x000000001a490000,0x000000001a590000] [id=8196]
  0x000000001adfa800 WatcherThread [stack: 0x000000001b2b0000,0x000000001b3b0000] [id=8384]

VM state:not at safepoint (normal execution)

VM Mutex/Monitor currently owned by a thread: None

Heap:
 PSYoungGen      total 57344K, used 11748K [0x0000000780980000, 0x0000000784980000, 0x00000007c0000000)
  eden space 49152K, 13% used [0x0000000780980000,0x0000000781003378,0x0000000783980000)
  from space 8192K, 62% used [0x0000000783980000,0x0000000783e75ed8,0x0000000784180000)
  to   space 8192K, 0% used [0x0000000784180000,0x0000000784180000,0x0000000784980000)
 ParOldGen       total 131072K, used 8K [0x0000000701c00000, 0x0000000709c00000, 0x0000000780980000)
  object space 131072K, 0% used [0x0000000701c00000,0x0000000701c02000,0x0000000709c00000)
 Metaspace       used 11049K, capacity 11317K, committed 11520K, reserved 1060864K
  class space    used 889K, capacity 977K, committed 1024K, reserved 1048576K

Card table byte_map: [0x0000000011780000,0x0000000011d80000] byte_map_base: 0x000000000df72000

Marking Bits: (ParMarkBitMap*) 0x000000006e0708c0
 Begin Bits: [0x0000000012580000, 0x0000000015510000)
 End Bits:   [0x0000000015510000, 0x00000000184a0000)

Polling page: 0x0000000000590000

CodeCache: size=245760Kb used=3814Kb max_used=3814Kb free=241945Kb
 bounds [0x00000000023c0000, 0x0000000002780000, 0x00000000113c0000]
 total_blobs=1873 nmethods=956 adapters=830
 compilation: enabled

Compilation events (10 events):
Event: 2.547 Thread 0x0000000019455800  948       3       core.terrain.TerrainShader::getInstance (20 bytes)
Event: 2.547 Thread 0x0000000019455800 nmethod 948 0x0000000002776390 code [0x0000000002776500, 0x0000000002776748]
Event: 2.547 Thread 0x0000000019455800  949       3       core.terrain.TerrainShader::updateUniform (80 bytes)
Event: 2.547 Thread 0x0000000019455800 nmethod 949 0x0000000002776810 code [0x0000000002776b40, 0x0000000002778a08]
Event: 2.548 Thread 0x0000000019455800  952       3       org.joml.internal.MemUtil$MemUtilUnsafe::addressOf (11 bytes)
Event: 2.548 Thread 0x0000000019455800 nmethod 952 0x0000000002779810 code [0x0000000002779960, 0x0000000002779ad0]
Event: 2.548 Thread 0x0000000019455800  953       3       org.lwjgl.opengl.GL20::glUniformMatrix4fv (16 bytes)
Event: 2.548 Thread 0x0000000019455800 nmethod 953 0x0000000002779b50 code [0x0000000002779ce0, 0x000000000277a1e8]
Event: 2.555 Thread 0x0000000019455800  955       3       core.shader.ShaderProgram::loadFloat (19 bytes)
Event: 2.556 Thread 0x0000000019455800 nmethod 955 0x000000000277a810 code [0x000000000277a9a0, 0x000000000277ad78]

GC Heap History (2 events):
Event: 2.214 GC heap before
{Heap before GC invocations=1 (full 0):
 PSYoungGen      total 57344K, used 49152K [0x0000000780980000, 0x0000000784980000, 0x00000007c0000000)
  eden space 49152K, 100% used [0x0000000780980000,0x0000000783980000,0x0000000783980000)
  from space 8192K, 0% used [0x0000000784180000,0x0000000784180000,0x0000000784980000)
  to   space 8192K, 0% used [0x0000000783980000,0x0000000783980000,0x0000000784180000)
 ParOldGen       total 131072K, used 0K [0x0000000701c00000, 0x0000000709c00000, 0x0000000780980000)
  object space 131072K, 0% used [0x0000000701c00000,0x0000000701c00000,0x0000000709c00000)
 Metaspace       used 10170K, capacity 10453K, committed 10752K, reserved 1058816K
  class space    used 849K, capacity 945K, committed 1024K, reserved 1048576K
Event: 2.219 GC heap after
Heap after GC invocations=1 (full 0):
 PSYoungGen      total 57344K, used 5079K [0x0000000780980000, 0x0000000784980000, 0x00000007c0000000)
  eden space 49152K, 0% used [0x0000000780980000,0x0000000780980000,0x0000000783980000)
  from space 8192K, 62% used [0x0000000783980000,0x0000000783e75ed8,0x0000000784180000)
  to   space 8192K, 0% used [0x0000000784180000,0x0000000784180000,0x0000000784980000)
 ParOldGen       total 131072K, used 8K [0x0000000701c00000, 0x0000000709c00000, 0x0000000780980000)
  object space 131072K, 0% used [0x0000000701c00000,0x0000000701c02000,0x0000000709c00000)
 Metaspace       used 10170K, capacity 10453K, committed 10752K, reserved 1058816K
  class space    used 849K, capacity 945K, committed 1024K, reserved 1048576K
}

Deoptimization events (4 events):
Event: 1.430 Thread 0x00000000022c2800 Uncommon trap: reason=speculate_class_check action=maybe_recompile pc=0x00000000026ea4bc method=org.lwjgl.system.StructBuffer.get(I)Lorg/lwjgl/system/Struct; @ 11
Event: 1.430 Thread 0x00000000022c2800 Uncommon trap: reason=speculate_class_check action=maybe_recompile pc=0x00000000026ea4bc method=org.lwjgl.system.StructBuffer.get(I)Lorg/lwjgl/system/Struct; @ 11
Event: 1.430 Thread 0x00000000022c2800 Uncommon trap: reason=speculate_class_check action=maybe_recompile pc=0x00000000026ea4bc method=org.lwjgl.system.StructBuffer.get(I)Lorg/lwjgl/system/Struct; @ 11
Event: 1.430 Thread 0x00000000022c2800 Uncommon trap: reason=speculate_class_check action=maybe_recompile pc=0x00000000026ea4bc method=org.lwjgl.system.StructBuffer.get(I)Lorg/lwjgl/system/Struct; @ 11

Classes redefined (0 events):
No events

Internal exceptions (10 events):
Event: 0.030 Thread 0x00000000022c2800 Exception <a 'java/lang/NoSuchMethodError': Method sun.misc.Unsafe.prefetchRead(Ljava/lang/Object;J)V name or signature does not match> (0x0000000780987f98) thrown at [C:\re\workspace\8-2-build-windows-amd64-cygwin\jdk8u171\10807\hotspot\src\share\vm\prim
Event: 0.136 Thread 0x00000000022c2800 Exception <a 'java/lang/NoSuchMethodError': java.lang.Object.lambda$static$0(Ljava/lang/String;)Ljava/lang/Boolean;> (0x0000000780c3f1a8) thrown at [C:\re\workspace\8-2-build-windows-amd64-cygwin\jdk8u171\10807\hotspot\src\share\vm\interpreter\linkResolve
Event: 0.146 Thread 0x00000000022c2800 Exception <a 'java/lang/NoSuchFieldError': method resolution failed> (0x0000000780cb7250) thrown at [C:\re\workspace\8-2-build-windows-amd64-cygwin\jdk8u171\10807\hotspot\src\share\vm\prims\methodHandles.cpp, line 1167]
Event: 0.148 Thread 0x00000000022c2800 Exception <a 'java/lang/NoSuchFieldError': method resolution failed> (0x0000000780cc4650) thrown at [C:\re\workspace\8-2-build-windows-amd64-cygwin\jdk8u171\10807\hotspot\src\share\vm\prims\methodHandles.cpp, line 1167]
Event: 0.199 Thread 0x00000000022c2800 Exception <a 'java/security/PrivilegedActionException'> (0x0000000780e5e920) thrown at [C:\re\workspace\8-2-build-windows-amd64-cygwin\jdk8u171\10807\hotspot\src\share\vm\prims\jvm.cpp, line 1435]
Event: 0.199 Thread 0x00000000022c2800 Exception <a 'java/security/PrivilegedActionException'> (0x0000000780e5eb30) thrown at [C:\re\workspace\8-2-build-windows-amd64-cygwin\jdk8u171\10807\hotspot\src\share\vm\prims\jvm.cpp, line 1435]
Event: 0.200 Thread 0x00000000022c2800 Exception <a 'java/security/PrivilegedActionException'> (0x0000000780e62988) thrown at [C:\re\workspace\8-2-build-windows-amd64-cygwin\jdk8u171\10807\hotspot\src\share\vm\prims\jvm.cpp, line 1435]
Event: 0.200 Thread 0x00000000022c2800 Exception <a 'java/security/PrivilegedActionException'> (0x0000000780e62b98) thrown at [C:\re\workspace\8-2-build-windows-amd64-cygwin\jdk8u171\10807\hotspot\src\share\vm\prims\jvm.cpp, line 1435]
Event: 0.935 Thread 0x00000000022c2800 Exception <a 'sun/nio/fs/WindowsException'> (0x00000007810779d0) thrown at [C:\re\workspace\8-2-build-windows-amd64-cygwin\jdk8u171\10807\hotspot\src\share\vm\prims\jni.cpp, line 709]
Event: 0.935 Thread 0x00000000022c2800 Exception <a 'sun/nio/fs/WindowsException'> (0x0000000781078190) thrown at [C:\re\workspace\8-2-build-windows-amd64-cygwin\jdk8u171\10807\hotspot\src\share\vm\prims\jni.cpp, line 709]

Events (10 events):
Event: 2.479 loading class org/joml/Vector2dc
Event: 2.479 loading class org/joml/Vector2dc done
Event: 2.479 loading class org/joml/Vector2i
Event: 2.479 loading class org/joml/Vector2i done
Event: 2.480 loading class org/joml/Vector2ic
Event: 2.480 loading class org/joml/Vector2ic done
Event: 2.480 loading class org/joml/Quaternionf
Event: 2.480 loading class org/joml/Quaternionf done
Event: 2.481 loading class org/joml/Quaternionfc
Event: 2.481 loading class org/joml/Quaternionfc done


Dynamic libraries:
0x00007ff68df30000 - 0x00007ff68df67000 	C:\Program Files\Java\jre1.8.0_171\bin\javaw.exe
0x00007ffab8eb0000 - 0x00007ffab9091000 	C:\WINDOWS\SYSTEM32\ntdll.dll
0x00007ffab68e0000 - 0x00007ffab6992000 	C:\WINDOWS\System32\KERNEL32.DLL
0x00007ffab52f0000 - 0x00007ffab5563000 	C:\WINDOWS\System32\KERNELBASE.dll
0x00007ffab6350000 - 0x00007ffab63f1000 	C:\WINDOWS\System32\ADVAPI32.dll
0x00007ffab6400000 - 0x00007ffab649e000 	C:\WINDOWS\System32\msvcrt.dll
0x00007ffab6bf0000 - 0x00007ffab6c4b000 	C:\WINDOWS\System32\sechost.dll
0x00007ffab64a0000 - 0x00007ffab65c4000 	C:\WINDOWS\System32\RPCRT4.dll
0x00007ffab6750000 - 0x00007ffab68e0000 	C:\WINDOWS\System32\USER32.dll
0x00007ffab5280000 - 0x00007ffab52a0000 	C:\WINDOWS\System32\win32u.dll
0x00007ffab71b0000 - 0x00007ffab71d8000 	C:\WINDOWS\System32\GDI32.dll
0x00007ffab5800000 - 0x00007ffab5992000 	C:\WINDOWS\System32\gdi32full.dll
0x00007ffab62a0000 - 0x00007ffab633f000 	C:\WINDOWS\System32\msvcp_win.dll
0x00007ffab56a0000 - 0x00007ffab579a000 	C:\WINDOWS\System32\ucrtbase.dll
0x00007ffaa6e10000 - 0x00007ffaa7079000 	C:\WINDOWS\WinSxS\amd64_microsoft.windows.common-controls_6595b64144ccf1df_6.0.17134.48_none_b4b2216a3cb4dd3e\COMCTL32.dll
0x00007ffab8840000 - 0x00007ffab8b63000 	C:\WINDOWS\System32\combase.dll
0x00007ffab5570000 - 0x00007ffab55ea000 	C:\WINDOWS\System32\bcryptPrimitives.dll
0x00007ffab6c60000 - 0x00007ffab6c8d000 	C:\WINDOWS\System32\IMM32.DLL
0x000000006e360000 - 0x000000006e432000 	C:\Program Files\Java\jre1.8.0_171\bin\msvcr100.dll
0x000000006d850000 - 0x000000006e0f0000 	C:\Program Files\Java\jre1.8.0_171\bin\server\jvm.dll
0x00007ffab6340000 - 0x00007ffab6348000 	C:\WINDOWS\System32\PSAPI.DLL
0x00007ffab2640000 - 0x00007ffab2663000 	C:\WINDOWS\SYSTEM32\WINMM.dll
0x00007ffa9f6c0000 - 0x00007ffa9f6c9000 	C:\WINDOWS\SYSTEM32\WSOCK32.dll
0x00007ffab7140000 - 0x00007ffab71ac000 	C:\WINDOWS\System32\WS2_32.dll
0x00007ffaa8e70000 - 0x00007ffaa8e7a000 	C:\WINDOWS\SYSTEM32\VERSION.dll
0x00007ffab2610000 - 0x00007ffab263a000 	C:\WINDOWS\SYSTEM32\WINMMBASE.dll
0x00007ffab52a0000 - 0x00007ffab52e9000 	C:\WINDOWS\System32\cfgmgr32.dll
0x000000006d760000 - 0x000000006d76f000 	C:\Program Files\Java\jre1.8.0_171\bin\verify.dll
0x000000006d730000 - 0x000000006d759000 	C:\Program Files\Java\jre1.8.0_171\bin\java.dll
0x000000006d710000 - 0x000000006d726000 	C:\Program Files\Java\jre1.8.0_171\bin\zip.dll
0x00007ffab7350000 - 0x00007ffab8790000 	C:\WINDOWS\System32\SHELL32.dll
0x00007ffab8d10000 - 0x00007ffab8db9000 	C:\WINDOWS\System32\shcore.dll
0x00007ffab59a0000 - 0x00007ffab60ad000 	C:\WINDOWS\System32\windows.storage.dll
0x00007ffab6c90000 - 0x00007ffab6ce1000 	C:\WINDOWS\System32\shlwapi.dll
0x00007ffab51e0000 - 0x00007ffab51f1000 	C:\WINDOWS\System32\kernel.appcore.dll
0x00007ffab51c0000 - 0x00007ffab51df000 	C:\WINDOWS\System32\profapi.dll
0x00007ffab5200000 - 0x00007ffab524c000 	C:\WINDOWS\System32\powrprof.dll
0x00007ffab5270000 - 0x00007ffab527a000 	C:\WINDOWS\System32\FLTLIB.DLL
0x000000006d6f0000 - 0x000000006d70a000 	C:\Program Files\Java\jre1.8.0_171\bin\net.dll
0x00007ffab4a40000 - 0x00007ffab4aa6000 	C:\WINDOWS\system32\mswsock.dll
0x000000006d6d0000 - 0x000000006d6e1000 	C:\Program Files\Java\jre1.8.0_171\bin\nio.dll
0x00007ffa92d80000 - 0x00007ffa92ddb000 	C:\Users\lav\AppData\Local\Temp\lwjgllav\3.1.6-build-14\lwjgl.dll
0x00007ffa90a70000 - 0x00007ffa90ac1000 	C:\Users\lav\AppData\Local\Temp\lwjgllav\3.1.6-build-14\glfw.dll
0x00007ffab2980000 - 0x00007ffab2a18000 	C:\WINDOWS\system32\uxtheme.dll
0x00007ffa8cc90000 - 0x00007ffa8ccd3000 	C:\WINDOWS\SYSTEM32\dinput8.dll
0x00007ffab2780000 - 0x00007ffab2790000 	C:\WINDOWS\SYSTEM32\xinput1_4.dll
0x00007ffab4fd0000 - 0x00007ffab4ff7000 	C:\WINDOWS\SYSTEM32\DEVOBJ.dll
0x00007ffab3180000 - 0x00007ffab31a9000 	C:\WINDOWS\SYSTEM32\dwmapi.dll
0x00007ffa9ae70000 - 0x00007ffa9aee9000 	C:\WINDOWS\SYSTEM32\inputhost.dll
0x00007ffab08a0000 - 0x00007ffab09ed000 	C:\WINDOWS\SYSTEM32\wintypes.dll
0x00007ffaacb90000 - 0x00007ffaaceae000 	C:\WINDOWS\SYSTEM32\CoreUIComponents.dll
0x00007ffab42b0000 - 0x00007ffab42e1000 	C:\WINDOWS\SYSTEM32\ntmarta.dll
0x00007ffab21f0000 - 0x00007ffab22ca000 	C:\WINDOWS\SYSTEM32\CoreMessaging.dll
0x00007ffab65d0000 - 0x00007ffab6745000 	C:\WINDOWS\System32\MSCTF.dll
0x00007ffab71e0000 - 0x00007ffab72a2000 	C:\WINDOWS\System32\OLEAUT32.dll
0x00007ffab3ed0000 - 0x00007ffab3edc000 	C:\WINDOWS\SYSTEM32\HID.DLL
0x00007ffab6cf0000 - 0x00007ffab713b000 	C:\WINDOWS\System32\SETUPAPI.DLL
0x00007ffab57a0000 - 0x00007ffab57f7000 	C:\WINDOWS\System32\WINTRUST.dll
0x00007ffab5250000 - 0x00007ffab5262000 	C:\WINDOWS\System32\MSASN1.dll
0x00007ffab60b0000 - 0x00007ffab6292000 	C:\WINDOWS\System32\CRYPT32.dll
0x00007ffa93180000 - 0x00007ffa932a0000 	C:\WINDOWS\SYSTEM32\opengl32.dll
0x00007ffaa70b0000 - 0x00007ffaa70dc000 	C:\WINDOWS\SYSTEM32\GLU32.dll
0x000000006ab60000 - 0x000000006ce27000 	C:\WINDOWS\SYSTEM32\nvoglv64.DLL
0x00007ffab69a0000 - 0x00007ffab6af1000 	C:\WINDOWS\System32\ole32.dll
0x00007ffab3d90000 - 0x00007ffab3da3000 	C:\WINDOWS\SYSTEM32\WTSAPI32.dll
0x00007ffa87920000 - 0x00007ffa87b86000 	C:\WINDOWS\system32\nvspcap64.dll
0x00007ffab4350000 - 0x00007ffab43a6000 	C:\WINDOWS\SYSTEM32\WINSTA.dll
0x00007ffab3f80000 - 0x00007ffab403b000 	C:\WINDOWS\system32\dxgi.dll
0x00007ffab1770000 - 0x00007ffab1a7b000 	C:\WINDOWS\system32\d3d11.dll
0x00007ffa875e0000 - 0x00007ffa876ca000 	C:\WINDOWS\System32\DriverStore\FileRepository\nvam.inf_amd64_08e61ffcdc4d3abf\nvldumdx.dll
0x00007ffab8820000 - 0x00007ffab883d000 	C:\WINDOWS\System32\imagehlp.dll
0x00007ffab4c00000 - 0x00007ffab4c17000 	C:\WINDOWS\SYSTEM32\CRYPTSP.dll
0x00007ffab4620000 - 0x00007ffab4653000 	C:\WINDOWS\system32\rsaenh.dll
0x00007ffab4d20000 - 0x00007ffab4d45000 	C:\WINDOWS\SYSTEM32\bcrypt.dll
0x00007ffab4bf0000 - 0x00007ffab4bfb000 	C:\WINDOWS\SYSTEM32\CRYPTBASE.dll
0x00007ffa66ea0000 - 0x00007ffa6898c000 	C:\WINDOWS\System32\DriverStore\FileRepository\nvam.inf_amd64_08e61ffcdc4d3abf\nvwgf2umx.dll
0x00007ffaa7c00000 - 0x00007ffaa8080000 	C:\WINDOWS\system32\nvapi64.dll
0x00007ffaab050000 - 0x00007ffaac5cc000 	C:\WINDOWS\System32\DriverStore\FileRepository\igdlh64.inf_amd64_463164d40c3d26ce\igd10iumd64.dll
0x00007ffab4cf0000 - 0x00007ffab4d16000 	C:\WINDOWS\SYSTEM32\ncrypt.dll
0x00007ffab4cb0000 - 0x00007ffab4ce6000 	C:\WINDOWS\SYSTEM32\NTASN1.dll
0x00007ffaa9120000 - 0x00007ffaaa27d000 	C:\WINDOWS\System32\DriverStore\FileRepository\igdlh64.inf_amd64_463164d40c3d26ce\igc64.dll
0x00007ffab2050000 - 0x00007ffab21ec000 	C:\WINDOWS\SYSTEM32\dcomp.dll
0x00007ffa9eb50000 - 0x00007ffa9ebe8000 	C:\WINDOWS\System32\TextInputFramework.dll
0x00007ffa87580000 - 0x00007ffa875df000 	C:\Users\lav\AppData\Local\Temp\lwjgllav\3.1.6-build-14\lwjgl_opengl.dll
0x00007ffa87500000 - 0x00007ffa8757e000 	C:\Users\lav\AppData\Local\Temp\lwjgllav\3.1.6-build-14\lwjgl_stb.dll
0x00007ffa81230000 - 0x00007ffa81785000 	C:\Users\lav\AppData\Local\Temp\lwjgllav\3.1.6-build-14\assimp.dll
0x00007ffab3bc0000 - 0x00007ffab3d89000 	C:\WINDOWS\SYSTEM32\dbghelp.dll

VM Arguments:
jvm_args: -Dfile.encoding=Cp1252 
java_command: core.Main
java_class_path (initial): C:\Program Files\Java\jre1.8.0_171\lib\resources.jar;C:\Program Files\Java\jre1.8.0_171\lib\rt.jar;C:\Program Files\Java\jre1.8.0_171\lib\jsse.jar;C:\Program Files\Java\jre1.8.0_171\lib\jce.jar;C:\Program Files\Java\jre1.8.0_171\lib\charsets.jar;C:\Program Files\Java\jre1.8.0_171\lib\jfr.jar;C:\Program Files\Java\jre1.8.0_171\lib\ext\access-bridge-64.jar;C:\Program Files\Java\jre1.8.0_171\lib\ext\cldrdata.jar;C:\Program Files\Java\jre1.8.0_171\lib\ext\dnsns.jar;C:\Program Files\Java\jre1.8.0_171\lib\ext\jaccess.jar;C:\Program Files\Java\jre1.8.0_171\lib\ext\jfxrt.jar;C:\Program Files\Java\jre1.8.0_171\lib\ext\localedata.jar;C:\Program Files\Java\jre1.8.0_171\lib\ext\nashorn.jar;C:\Program Files\Java\jre1.8.0_171\lib\ext\sunec.jar;C:\Program Files\Java\jre1.8.0_171\lib\ext\sunjce_provider.jar;C:\Program Files\Java\jre1.8.0_171\lib\ext\sunmscapi.jar;C:\Program Files\Java\jre1.8.0_171\lib\ext\sunpkcs11.jar;C:\Program Files\Java\jre1.8.0_171\lib\ext\zipfs.jar;C:\projets\java_lwjgl_me\Game_engine\bin;C:\projets\java_lwjgl_me\Game_engine\lib\joml-1.9.9.jar;C:\projets\java_lwjgl_me\Game_engine\lib\lwjgl-assimp-javadoc.jar;C:\projets\java_lwjgl_me\Game_engine\lib\lwjgl-assimp-natives-windows.jar;C:\projets\java_lwjgl_me\Game_engine\lib\lwjgl-assimp-sources.jar;C:\projets\java_lwjgl_me\Game_engine\lib\lwjgl-assimp.jar;C:\projets\java_lwjgl_me\Game_engine\lib\lwjgl-glfw-javadoc.jar;C:\projets\java_lwjgl_me\Game_engine\lib\lwjgl-glfw-natives-windows.jar;C:\projets\java_lwjgl_me\Game_engine\lib\lwjgl-glfw-sources.jar;C:\projets\java_lwjgl_me\Game_engine\lib\lwjgl-glfw.jar;C:\projets\java_lwjgl_me\Game_engine\lib\lwjgl-natives-windows.jar;C:\projets\java_lwjgl_me\Game_engine\lib\lwjgl-openal-javadoc.jar;C:\projets\java_lwjgl_me\Game_engine\lib\lwjgl-openal-natives-windows.jar;C:\projets\java_lwjgl_me\Game_engine\lib\lwjgl-openal-sources.jar;C:\projets\java_lwjgl_me\Game_engine\lib\lwjgl-openal.jar;C:\projets\java_lwjgl_me\Game_engine\lib\lwjgl-opengl
Launcher Type: SUN_STANDARD

Environment Variables:
PATH=C:/Program Files/Java/jre1.8.0_171/bin/server;C:/Program Files/Java/jre1.8.0_171/bin;C:/Program Files/Java/jre1.8.0_171/lib/amd64;C:\Program Files (x86)\Common Files\Oracle\Java\javapath;C:\ProgramData\Oracle\Java\javapath;C:\WINDOWS\system32;C:\WINDOWS;C:\WINDOWS\System32\Wbem;C:\WINDOWS\System32\WindowsPowerShell\v1.0\;C:\PHP7;C:\ProgramData\ComposerSetup\bin;C:\Program Files\nodejs\;C:\Program Files\Git\cmd;C:\WINDOWS\System32\OpenSSH\;C:\Users\lav\AppData\Local\Microsoft\WindowsApps;;C:\Program Files\eclipse;
USERNAME=lav
OS=Windows_NT
PROCESSOR_IDENTIFIER=Intel64 Family 6 Model 142 Stepping 9, GenuineIntel



---------------  S Y S T E M  ---------------

OS: Windows 10.0 , 64 bit Build 17134 (10.0.17134.1)

CPU:total 4 (initial active 4) (2 cores per cpu, 2 threads per core) family 6 model 142 stepping 9, cmov, cx8, fxsr, mmx, sse, sse2, sse3, ssse3, sse4.1, sse4.2, popcnt, avx, avx2, aes, clmul, erms, 3dnowpref, lzcnt, ht, tsc, tscinvbit, bmi1, bmi2, adx

Memory: 4k page, physical 12460316k(7219308k free), swap 14360860k(7962556k free)

vm_info: Java HotSpot(TM) 64-Bit Server VM (25.171-b11) for windows-amd64 JRE (1.8.0_171-b11), built on Mar 28 2018 16:06:12 by "java_re" with MS VC++ 10.0 (VS2010)

time: Fri Jun 08 17:09:06 2018
elapsed time: 2 seconds (0d 0h 0m 2s)

